<?xml version="1.0" encoding="UTF-8"?>
<robot rpa="false" generated="20190525 10:38:26.265" generator="Robot 3.1.2 (Python 2.7.15rc1 on linux2)">
<suite source="/home/yiao/PycharmProjects/Tests/testfiles/TestSuite2.robot" id="s1" name="TestSuite2">
<kw type="setup" name="Log" library="BuiltIn">
<doc>Logs the given message with the given level.</doc>
<arguments>
<arg>Starting the web functionality tests</arg>
</arguments>
<msg timestamp="20190525 10:38:26.479" level="INFO">Starting the web functionality tests</msg>
<status status="PASS" endtime="20190525 10:38:26.480" starttime="20190525 10:38:26.479"></status>
</kw>
<test id="s1-t1" name="Products_WebApplicationFirewall">
<kw type="setup" name="Log" library="BuiltIn">
<doc>Logs the given message with the given level.</doc>
<arguments>
<arg>Started indivudual tests</arg>
</arguments>
<msg timestamp="20190525 10:38:26.487" level="INFO">Started indivudual tests</msg>
<status status="PASS" endtime="20190525 10:38:26.487" starttime="20190525 10:38:26.486"></status>
</kw>
<kw name="Load Browser Settings">
<kw name="Open Browser" library="Selenium2Library">
<doc>Opens a new browser instance to the given ``url``.</doc>
<arguments>
<arg>${url}</arg>
<arg>${browser}</arg>
</arguments>
<msg timestamp="20190525 10:38:26.488" level="INFO">Opening browser 'firefox' to base url 'https://google.com'.</msg>
<kw name="Capture Page Screenshot" library="Selenium2Library">
<doc>Takes screenshot of the current page and embeds it into log file.</doc>
<status status="FAIL" endtime="20190525 11:12:47.227" starttime="20190525 11:12:47.227"></status>
</kw>
<msg timestamp="20190525 11:12:47.227" level="WARN">Keyword 'Capture Page Screenshot' could not be run on failure: Execution terminated by signal</msg>
<msg timestamp="20190525 11:12:47.263" level="FAIL">IOError: [Errno 5] Input/output error</msg>
<status status="FAIL" endtime="20190525 11:12:47.263" starttime="20190525 10:38:26.487"></status>
</kw>
<errors>
<msg timestamp="20190525 10:38:26.173" level="ERROR">Error in file '/home/yiao/PycharmProjects/Tests/testfiles/TestSuite2.robot': Setting 'Documentation' used multiple times.</msg>
<msg timestamp="20190525 10:38:26.174" level="ERROR">Error in file '/home/yiao/PycharmProjects/Tests/testfiles/TestSuite2.robot': Setting 'Test Teardown' used multiple times.</msg>
</errors>
</robot>
01.860" level="INFO">Pressing special key ENTER to element.</msg>
<status status="PASS" endtime="20190525 10:43:02.175" starttime="20190525 10:43:01.847"></status>
</kw>
<kw name="Set Browder Implicit Wait">
<arguments>
<arg>${timeout}s</arg>
</arguments>
<msg timestamp="20190525 10:43:02.194" level="FAIL">No keyword with name 'Set Browder Implicit Wait' found. Did you mean:
    Selenium2Library.Set Browser Implicit Wait</msg>
<status status="FAIL" endtime="20190525 10:43:02.194" starttime="20190525 10:43:02.194"></status>
</kw>
<status status="FAIL" endtime="20190525 10:43:02.194" starttime="20190525 10:42:52.283"></status>
</kw>
<kw type="teardown" name="Close Browser" library="Selenium2Library">
<doc>Closes the current browser.</doc>
<status status="PASS" endtime="20190525 10:43:03.202" starttime="20190525 10:43:02.195"></status>
</kw>
<doc>Products- WebApp button</doc>
<tags>
<tag>Products</tag>
</tags>
<status status="FAIL" endtime="20190525 10:43:03.202" critical="yes" starttime="20190525 10:42:52.280">Setup failed:
No keyword with name 'Set Browder Implicit Wait' found. Did you mean:
    Selenium2Library.Set Browser Implicit Wait</status>
</test>
<test id="s1-t2" name="Products_EmailSecurity">
<kw type="setup" name="Load Browser and Page">
<kw name="Open Browser" library="Selenium2Library">
<doc>Opens a new browser instance to the given ``url``.</doc>
<arguments>
<arg>${url}</arg>
<arg>${browser}</arg>
</arguments>
<msg timestamp="20190525 10:43:03.211" level="INFO">Opening browser 'firefox' to base url 'https://google.com'.</msg>
<kw name="Capture Page Screenshot" library="Selenium2Library">
<doc>Takes screenshot of the current page and embeds it into log file.</doc>
<status status="FAIL" endtime="20190525 11:12:47.236" starttime="20190525 11:12:47.236"></status>
</kw>
<msg timestamp="20190525 11:12:47.236" level="WARN">Keyword 'Capture Page Screenshot' could not be run on failure: Execution terminated by signal</msg>
<msg timestamp="20190525 11:12:47.268" level="FAIL">IOError: [Errno 5] Input/output error</msg>
<status status="FAIL" endtime="20190525 11:12:47.268" starttime="20190525 10:43:03.211"></status>
</kw>
<errors>
</errors>
</robot>

<doc>Verifies that current page contains ``text``.</doc>
<arguments>
<arg>@{results product}[0]</arg>
</arguments>
<msg timestamp="20190525 11:03:31.306" level="INFO">Current page contains text 'Comprehensive, High-Performance Web Application Security'.</msg>
<status status="PASS" endtime="20190525 11:03:31.306" starttime="20190525 11:03:31.175"></status>
</kw>
<kw type="teardown" name="Run Keywords" library="BuiltIn">
<doc>Executes all the given keywords in a sequence.</doc>
<arguments>
<arg>Teardown1</arg>
</arguments>
<kw name="Teardown1">
<kw name="Close Browser" library="Selenium2Library">
<doc>Closes the current browser.</doc>
<status status="PASS" endtime="20190525 11:03:32.892" starttime="20190525 11:03:31.308"></status>
</kw>
<kw name="Log" library="BuiltIn">
<doc>Logs the given message with the given level.</doc>
<arguments>
<arg>Completed Test Case</arg>
</arguments>
<msg timestamp="20190525 11:03:32.892" level="INFO">Completed Test Case</msg>
<status status="PASS" endtime="20190525 11:03:32.892" starttime="20190525 11:03:32.892"></status>
</kw>
<status status="PASS" endtime="20190525 11:03:32.892" starttime="20190525 11:03:31.307"></status>
</kw>
<status status="PASS" endtime="20190525 11:03:32.892" starttime="20190525 11:03:31.307"></status>
</kw>
<doc>Products- WebApp button</doc>
<tags>
<tag>Products</tag>
</tags>
<status status="PASS" endtime="20190525 11:03:32.893" critical="yes" starttime="20190525 11:03:11.964"></status>
</test>
<test id="s1-t2" name="Products_EmailSecurity">
<kw type="setup" name="Load Browser and Page">
<kw name="Open Browser" library="Selenium2Library">
<doc>Opens a new browser instance to the given ``url``.</doc>
<arguments>
<arg>${url}</arg>
<arg>${browser}</arg>
</arguments>
<msg timestamp="20190525 11:03:32.896" level="INFO">Opening browser 'firefox' to base url 'https://google.com'.</msg>
<status status="PASS" endtime="20190525 11:03:39.762" starttime="20190525 11:03:32.896"></status>
</kw>
<kw name="Maximize Browser Window" library="Selenium2Library">
<doc>Maximizes current browser window.</doc>
<status status="PASS" endtime="20190525 11:03:40.098" starttime="20190525 11:03:39.762"></status>
</kw>
<kw name="Set Browser Implicit Wait" library="Selenium2Library">
<doc>Sets the implicit wait value used by Selenium.</doc>
<arguments>
<arg>${timeout}</arg>
</arguments>
<status status="PASS" endtime="20190525 11:03:40.107" starttime="20190525 11:03:40.098"></status>
</kw>
<kw name="Input Text" library="Selenium2Library">
<doc>Types the given ``text`` into text field identified by ``locator``.</doc>
<arguments>
<arg>name=q</arg>
<arg>fortinet</arg>
</arguments>
<msg timestamp="20190525 11:03:40.108" level="INFO">Typing text 'fortinet' into text field 'name=q'.</msg>
<status status="PASS" endtime="20190525 11:03:40.338" starttime="20190525 11:03:40.108"></status>
</kw>
<kw name="Press Keys" library="Selenium2Library">
<doc>Simulates user pressing key(s) to an element or on the active browser.</doc>
<arguments>
<arg>name = q</arg>
<arg>ENTER</arg>
</arguments>
<msg timestamp="20190525 11:03:40.339" level="INFO">Sending key(s) (u'ENTER',) to name = q element.</msg>
<msg timestamp="20190525 11:03:40.391" level="INFO">Pressing special key ENTER to element.</msg>
<status status="PASS" endtime="20190525 11:03:40.742" starttime="20190525 11:03:40.339"></status>
</kw>
<kw name="Set Browser Implicit Wait" library="Selenium2Library">
<doc>Sets the implicit wait value used by Selenium.</doc>
<arguments>
<arg>${timeout}s</arg>
</arguments>
<status status="PASS" endtime="20190525 11:03:40.745" starttime="20190525 11:03:40.742"></status>
</kw>
<status status="PASS" endtime="20190525 11:03:40.745" starttime="20190525 11:03:32.895"></status>
</kw>
<kw name="Select Product Tab">
<kw name="Click Element" library="Selenium2Library">
<doc>Click element identified by ``locator``.</doc>
<arguments>
<arg>//H3[@class='LC20lb'][text()='Fortinet | Deliver Secure Digital Transformation']</arg>
</arguments>
<msg timestamp="20190525 11:03:40.747" level="INFO">Clicking element '//H3[@class='LC20lb'][text()='Fortinet | Deliver Secure Digital Transformation']'.</msg>
<status status="PASS" endtime="20190525 11:03:46.373" starttime="20190525 11:03:40.747"></status>
</kw>
<kw name="Mouse Over" library="Selenium2Library">
<doc>Simulates hovering mouse over the element ``locator``.</doc>
<arguments>
<arg>//A[@href='/products.html'][text()='Products']</arg>
</arguments>
<msg timestamp="20190525 11:03:46.373" level="INFO">Simulating Mouse Over on element '//A[@href='/products.html'][text()='Products']'.</msg>
<status status="PASS" endtime="20190525 11:03:47.774" starttime="20190525 11:03:46.373"></status>
</kw>
<status status="PASS" endtime="20190525 11:03:47.775" starttime="20190525 11:03:40.746"></status>
</kw>
<kw name="Click Element" library="Selenium2Library">
<doc>Click element identified by ``locator``.</doc>
<arguments>
<arg>(//A[@href='/products/email-security.html'][text()='Email Security'][text()='Email Security'])[1]</arg>
</arguments>
<msg timestamp="20190525 11:03:47.775" level="INFO">Clicking element '(//A[@href='/products/email-security.html'][text()='Email Security'][text()='Email Security'])[1]'.</msg>
<status status="PASS" endtime="20190525 11:03:50.422" starttime="20190525 11:03:47.775"></status>
</kw>
<kw name="Page Should Contain" library="Selenium2Library">
<doc>Verifies that current page contains ``text``.</doc>
<arguments>
<arg>@{results product}[1]</arg>
</arguments>
<msg timestamp="20190525 11:03:50.546" level="INFO">Current page contains text 'Stop advanced email threats and prevent data loss'.</msg>
<status status="PASS" endtime="20190525 11:03:50.548" starttime="20190525 11:03:50.427"></status>
</kw>
<kw type="teardown" name="Run Keywords" library="BuiltIn">
<doc>Executes all the given keywords in a sequence.</doc>
<arguments>
<arg>Teardown1</arg>
</arguments>
<kw name="Teardown1">
<kw name="Close Browser" library="Selenium2Library">
<doc>Closes the current browser.</doc>
<status status="PASS" endtime="20190525 11:03:51.756" starttime="20190525 11:03:50.552"></status>
</kw>
<kw name="Log" library="BuiltIn">
<doc>Logs the given message with the given level.</doc>
<arguments>
<arg>Completed Test Case</arg>
</arguments>
<msg timestamp="20190525 11:03:51.757" level="INFO">Completed Test Case</msg>
<status status="PASS" endtime="20190525 11:03:51.757" starttime="20190525 11:03:51.757"></status>
</kw>
<status status="PASS" endtime="20190525 11:03:51.757" starttime="20190525 11:03:50.551"></status>
</kw>
<status status="PASS" endtime="20190525 11:03:51.757" starttime="20190525 11:03:50.551"></status>
</kw>
<doc>Products- Email Security button</doc>
<tags>
<tag>Email</tag>
<tag>Products</tag>
</tags>
<status status="PASS" endtime="20190525 11:03:51.757" critical="yes" starttime="20190525 11:03:32.894"></status>
</test>
<kw type="teardown" name="Log" library="BuiltIn">
<doc>Logs the given message with the given level.</doc>
<arguments>
<arg>Completed the web functionality tests</arg>
</arguments>
<msg timestamp="20190525 11:03:51.763" level="INFO">Completed the web functionality tests</msg>
<status status="PASS" endtime="20190525 11:03:51.763" starttime="20190525 11:03:51.762"></status>
</kw>
<doc>This is to test Fortinet's Website</doc>
<status status="PASS" endtime="20190525 11:03:51.763" starttime="20190525 11:03:11.775"></status>
</suite>
<statistics>
<total>
<stat fail="0" pass="2">Critical Tests</stat>
<stat fail="0" pass="2">All Tests</stat>
</total>
<tag>
<stat fail="0" pass="1">Email</stat>
<stat fail="0" pass="2">Products</stat>
</tag>
<suite>
<stat fail="0" id="s1" name="TestSuite2" pass="2">TestSuite2</stat>
</suite>
</statistics>
<errors>
</errors>
</robot>
